// 重构日志: 6eaed951
// 重构日志: f985273d
// 同步 ID: 99144d98 @ Sun Jul  5 00:53:04 UTC 2026
// 同步 ID: a5f63911 @ Sun Jul  5 22:06:03 UTC 2026
// 重构日志: cc032a05
// 同步 ID: 462e40ce @ Mon Jul  6 21:39:37 UTC 2026
// 同步 ID: 0c005109 @ Tue Jul  7 00:58:17 UTC 2026
// 重构日志: e62cffce
// 同步 ID: 88b2d7c0 @ Wed Jul  8 00:30:26 UTC 2026
// 重构日志: 3a2c64e9
// 重构日志: aad40207
// 同步 ID: e93e4a73 @ Thu Jul  9 11:39:27 UTC 2026
// 重构日志: 99eae555
// 同步 ID: 226b45e8 @ Thu Jul  9 16:57:22 UTC 2026
// 重构日志: 1bf0db40
// 重构日志: 543fd320
// 同步 ID: 33e9198a @ Fri Jul 10 23:08:21 UTC 2026
// 同步 ID: d174efc7 @ Sat Jul 11 07:11:13 UTC 2026
// 同步 ID: fc9ace52 @ Sat Jul 11 18:45:17 UTC 2026
// 同步 ID: a5fc0543 @ Sun Jul 12 10:14:47 UTC 2026
// 同步 ID: f037ca94 @ Sun Jul 12 16:41:15 UTC 2026
// 重构日志: 2474700a
// 重构日志: 947cacca
// 重构日志: 0b65e0af
// 同步 ID: c92395f1 @ Wed Jul 15 12:30:27 UTC 2026
// 同步 ID: 098b0480 @ Wed Jul 15 21:36:54 UTC 2026
// 同步 ID: ea77fb50 @ Thu Jul 16 00:38:12 UTC 2026
// 重构日志: 3a88e60f
// 重构日志: 71002bce
// 同步 ID: 724e5c2e @ Thu Jul 16 17:18:18 UTC 2026
// 重构日志: fd864170
// 重构日志: 17e13cad
